<?xml version="1.0" encoding="UTF-8"?>
<testsuite name="LTUCTest.AppTest" tests="6" skipped="0" failures="0" errors="0" timestamp="2022-03-06T11:56:22" hostname="renad-HP-Notebook" time="0.056">
  <properties/>
  <testcase name="appendToTheEnd()" classname="LTUCTest.AppTest" time="0.043"/>
  <testcase name="appendBeforeFirstMiddle()" classname="LTUCTest.AppTest" time="0.001"/>
  <testcase name="appendAfterFirstMiddle()" classname="LTUCTest.AppTest" time="0.001"/>
  <testcase name="appendMultipleNodes()" classname="LTUCTest.AppTest" time="0.001"/>
  <testcase name="appHasAGreeting()" classname="LTUCTest.AppTest" time="0.003"/>
  <testcase name="appendBeforeFirstNode()" classname="LTUCTest.AppTest" time="0.002"/>
  <system-out><![CDATA[]]></system-out>
  <system-err><![CDATA[]]></system-err>
</testsuite>
